This file contains any messages produced by compilers while
running configure, to aid debugging if configure makes a mistake.

It was created by HTS-demo_CMU-ARCTIC-SLT configure 2.2, which was
generated by GNU Autoconf 2.63.  Invocation command line was

  $ ./configure --with-fest-search-path=/home/rachel/installations/festival/examples/ --with-hts-engine-search-path=/home/rachel/installations/hts_engine-1.10/bin/

## --------- ##
## Platform. ##
## --------- ##

hostname = rachel-ubuntu
uname -m = i686
uname -r = 3.2.0-121-generic-pae
uname -s = Linux
uname -v = #164-Ubuntu SMP Wed Jan 11 15:39:16 UTC 2017

/usr/bin/uname -p = unknown
/bin/uname -X     = unknown

/bin/arch              = unknown
/usr/bin/arch -k       = unknown
/usr/convex/getsysinfo = unknown
/usr/bin/hostinfo      = unknown
/bin/machine           = unknown
/usr/bin/oslevel       = unknown
/bin/universe          = unknown

PATH: /usr/lib/lightdm/lightdm
PATH: /usr/local/sbin
PATH: /usr/local/bin
PATH: /usr/sbin
PATH: /usr/bin
PATH: /sbin
PATH: /bin
PATH: /usr/games


## ----------- ##
## Core tests. ##
## ----------- ##

configure:1961: checking for gawk
configure:1991: result: no
configure:1961: checking for mawk
configure:1977: found /usr/bin/mawk
configure:1988: result: mawk
configure:2005: checking for perl
configure:2024: found /usr/bin/perl
configure:2037: result: /usr/bin/perl
configure:2059: checking for bc
configure:2078: found /usr/bin/bc
configure:2091: result: /usr/bin/bc
configure:2108: checking for wc
configure:2127: found /usr/bin/wc
configure:2140: result: /usr/bin/wc
configure:2157: checking for tee
configure:2176: found /usr/bin/tee
configure:2189: result: /usr/bin/tee
configure:2217: checking for dumpfeats
configure:2236: found /home/rachel/installations/festival/examples//dumpfeats
configure:2249: result: /home/rachel/installations/festival/examples//dumpfeats
configure:2280: checking for sox
configure:2299: found /usr/bin/sox
configure:2312: result: /usr/bin/sox
configure:2353: checking for hts_engine
configure:2372: found /usr/local/bin/hts_engine
configure:2385: result: /usr/local/bin/hts_engine
configure:2901: creating ./config.status

## ---------------------- ##
## Running config.status. ##
## ---------------------- ##

This file was extended by HTS-demo_CMU-ARCTIC-SLT config.status 2.2, which was
generated by GNU Autoconf 2.63.  Invocation command line was

  CONFIG_FILES    = 
  CONFIG_HEADERS  = 
  CONFIG_LINKS    = 
  CONFIG_COMMANDS = 
  $ ./config.status 

on rachel-ubuntu

config.status:730: creating scripts/Makefile
config.status:730: creating scripts/hts_engine.pl

## ---------------- ##
## Cache variables. ##
## ---------------- ##

ac_cv_env_CDGV_set=
ac_cv_env_CDGV_value=
ac_cv_env_DAEMALPHA_set=
ac_cv_env_DAEMALPHA_value=
ac_cv_env_DAEMNITER_set=
ac_cv_env_DAEMNITER_value=
ac_cv_env_DAEM_set=
ac_cv_env_DAEM_value=
ac_cv_env_DATASET_set=
ac_cv_env_DATASET_value=
ac_cv_env_EMEPSILON_set=
ac_cv_env_EMEPSILON_value=
ac_cv_env_FFTLEN_set=
ac_cv_env_FFTLEN_value=
ac_cv_env_FRAMELEN_set=
ac_cv_env_FRAMELEN_value=
ac_cv_env_FRAMESHIFT_set=
ac_cv_env_FRAMESHIFT_value=
ac_cv_env_FREQWARP_set=
ac_cv_env_FREQWARP_value=
ac_cv_env_GAMMA_set=
ac_cv_env_GAMMA_value=
ac_cv_env_GVEPSILON_set=
ac_cv_env_GVEPSILON_value=
ac_cv_env_GVWEIGHT_set=
ac_cv_env_GVWEIGHT_value=
ac_cv_env_HMMWEIGHT_set=
ac_cv_env_HMMWEIGHT_value=
ac_cv_env_IMPLEN_set=
ac_cv_env_IMPLEN_value=
ac_cv_env_LF0BANDWIDTH_set=
ac_cv_env_LF0BANDWIDTH_value=
ac_cv_env_LNGAIN_set=
ac_cv_env_LNGAIN_value=
ac_cv_env_LOWERF0_set=
ac_cv_env_LOWERF0_value=
ac_cv_env_MAXDEV_set=
ac_cv_env_MAXDEV_value=
ac_cv_env_MAXEMITER_set=
ac_cv_env_MAXEMITER_value=
ac_cv_env_MAXGVITER_set=
ac_cv_env_MAXGVITER_value=
ac_cv_env_MGCBANDWIDTH_set=
ac_cv_env_MGCBANDWIDTH_value=
ac_cv_env_MGCORDER_set=
ac_cv_env_MGCORDER_value=
ac_cv_env_MINDUR_set=
ac_cv_env_MINDUR_value=
ac_cv_env_MINEUCNORM_set=
ac_cv_env_MINEUCNORM_value=
ac_cv_env_NITER_set=
ac_cv_env_NITER_value=
ac_cv_env_NLF0TRANSBLK_set=
ac_cv_env_NLF0TRANSBLK_value=
ac_cv_env_NLF0WIN_set=
ac_cv_env_NLF0WIN_value=
ac_cv_env_NMGCTRANSBLK_set=
ac_cv_env_NMGCTRANSBLK_value=
ac_cv_env_NMGCWIN_set=
ac_cv_env_NMGCWIN_value=
ac_cv_env_NOISEMASK_set=
ac_cv_env_NOISEMASK_value=
ac_cv_env_NORMALIZE_set=
ac_cv_env_NORMALIZE_value=
ac_cv_env_NOSILGV_set=
ac_cv_env_NOSILGV_value=
ac_cv_env_NSTATE_set=
ac_cv_env_NSTATE_value=
ac_cv_env_OPTKIND_set=
ac_cv_env_OPTKIND_value=
ac_cv_env_PSTFILTER_set=
ac_cv_env_PSTFILTER_value=
ac_cv_env_QNUM_set=
ac_cv_env_QNUM_value=
ac_cv_env_SAMPFREQ_set=
ac_cv_env_SAMPFREQ_value=
ac_cv_env_SPEAKER_set=
ac_cv_env_SPEAKER_value=
ac_cv_env_STEPDEC_set=
ac_cv_env_STEPDEC_value=
ac_cv_env_STEPINC_set=
ac_cv_env_STEPINC_value=
ac_cv_env_STEPINIT_set=
ac_cv_env_STEPINIT_value=
ac_cv_env_UPPERF0_set=
ac_cv_env_UPPERF0_value=
ac_cv_env_USEGV_set=
ac_cv_env_USEGV_value=
ac_cv_env_VER_set=
ac_cv_env_VER_value=
ac_cv_env_WFLOOR_set=
ac_cv_env_WFLOOR_value=
ac_cv_env_WINDOWTYPE_set=
ac_cv_env_WINDOWTYPE_value=
ac_cv_env_build_alias_set=
ac_cv_env_build_alias_value=
ac_cv_env_host_alias_set=
ac_cv_env_host_alias_value=
ac_cv_env_target_alias_set=
ac_cv_env_target_alias_value=
ac_cv_path_BC=/usr/bin/bc
ac_cv_path_DUMPFEATS=/home/rachel/installations/festival/examples//dumpfeats
ac_cv_path_ENGINE=/usr/local/bin/hts_engine
ac_cv_path_PERL=/usr/bin/perl
ac_cv_path_SOX=/usr/bin/sox
ac_cv_path_TEE=/usr/bin/tee
ac_cv_path_WC=/usr/bin/wc
ac_cv_prog_AWK=mawk

## ----------------- ##
## Output variables. ##
## ----------------- ##

AWK='mawk'
B2MC=''
BC='/usr/bin/bc'
BCP=''
BCUT=''
C2ACR=''
CDGV='1'
DAEM='0'
DAEMALPHA='1.0'
DAEMNITER='10'
DATASET='cmu_us_arctic'
DEFS='-DPACKAGE_NAME=\"SSN_HTS\" -DPACKAGE_TARNAME=\"SSN_HTS\" -DPACKAGE_VERSION=\"1.0\" -DPACKAGE_STRING=\"SSN_HTS\" -DPACKAGE_BUGREPORT=\"\"'
DFS=''
DUMPFEATS='/home/rachel/installations/festival/examples//dumpfeats'
ECHO_C=''
ECHO_N='-n'
ECHO_T=''
EMEPSILON='0.0001'
ENGINE='/usr/local/bin/hts_engine'
EXCITE=''
F0STREN='4'
FFTLEN='2048'
FRAME=''
FRAMELEN='1200'
FRAMESHIFT='240'
FREQT=''
FREQWARP='0.55'
GAMMA='0'
GVEPSILON='0.0001'
GVWEIGHT='1.0'
HCOMPV=''
HEREST=''
HHED=''
HINIT=''
HLIST=''
HMGENS=''
HMMWEIGHT='1.0'
HREST=''
HSMMALIGN=''
IMPLEN='4096'
LF0BANDWIDTH='1'
LIBOBJS=''
LIBS=''
LNGAIN='1'
LOWERF0='110'
LPC2LSP=''
LSP2LPC=''
LSPCHECK=''
LTLIBOBJS=''
MAXDEV='10'
MAXEMITER='20'
MAXGVITER='50'
MC2B=''
MERGE=''
MGC2MGC=''
MGCBANDWIDTH='35'
MGCEP=''
MGCORDER='34'
MGCVSIZE='35'
MGLSADF=''
MINDUR='5'
MINEUCNORM='0.01'
MINMAX=''
NAN=''
NITER='5'
NLF0TRANSBLK='1'
NLF0WIN='3'
NMGCTRANSBLK='3'
NMGCWIN='3'
NOISEMASK='50'
NORMALIZE='1'
NOSILGV='1'
NRAND=''
NSTATE='5'
OPTKIND='NEWTON'
PACKAGE_BUGREPORT=''
PACKAGE_NAME='SSN_HTS'
PACKAGE_STRING='SSN_HTS'
PACKAGE_TARNAME='SSN_HTS'
PACKAGE_VERSION='1.0'
PATH_SEPARATOR=':'
PERL='/usr/bin/perl'
PSTFILTER='1.4'
PWD='/home/rachel/ssn_hts_demo'
QNUM='001'
SAMPFREQ='48000'
SHELL='/bin/bash'
SOPR=''
SOX='/usr/bin/sox'
SOXOPTION='2'
SPEAKER='slt'
STEP=''
STEPDEC='0.5'
STEPINC='1.2'
STEPINIT='1.0'
SWAB=''
TCLSH=''
TEE='/usr/bin/tee'
UPPERF0='280'
USEGV='1'
VER='1'
VOPR=''
VSTAT=''
WC='/usr/bin/wc'
WFLOOR='5000'
WINDOW=''
WINDOWTYPE='1'
X2X=''
bindir='${exec_prefix}/bin'
build_alias=''
datadir='${datarootdir}'
datarootdir='${prefix}/share'
docdir='${datarootdir}/doc/${PACKAGE_TARNAME}'
dvidir='${docdir}'
exec_prefix='${prefix}'
host_alias=''
htmldir='${docdir}'
includedir='${prefix}/include'
infodir='${datarootdir}/info'
libdir='${exec_prefix}/lib'
libexecdir='${exec_prefix}/libexec'
localedir='${datarootdir}/locale'
localstatedir='${prefix}/var'
mandir='${datarootdir}/man'
oldincludedir='/usr/include'
pdfdir='${docdir}'
prefix='/usr/local'
program_transform_name='s,x,x,'
psdir='${docdir}'
sbindir='${exec_prefix}/sbin'
sharedstatedir='${prefix}/com'
sysconfdir='${prefix}/etc'
target_alias=''

## ----------- ##
## confdefs.h. ##
## ----------- ##

#define PACKAGE_NAME "SSN_HTS"
#define PACKAGE_TARNAME "SSN_HTS"
#define PACKAGE_VERSION "1.0"
#define PACKAGE_STRING "SSN_HTS"
#define PACKAGE_BUGREPORT ""

configure: exit 0
